2025-06-04 14:07:17 - INFO - [CLIENT INFO]: Conexión establecida con el servidor.
2025-06-04 14:07:55 - ERROR - [CLIENT ERROR]: Error en el cliente: [WinError 10054] Se ha forzado la interrupción de una conexión existente por el host remoto
2025-06-04 14:11:22 - INFO - [CLIENT INFO]: Conexión establecida con el servidor.
2025-06-04 14:11:37 - ERROR - [CLIENT ERROR]: Error en el cliente: [WinError 10054] Se ha forzado la interrupción de una conexión existente por el host remoto
2025-06-04 14:11:39 - ERROR - [CLIENT ERROR]: Error en el cliente: [WinError 10061] No se puede establecer una conexión ya que el equipo de destino denegó expresamente dicha conexión
2025-06-04 14:12:58 - INFO - [CLIENT INFO]: Conexión establecida con el servidor.
2025-06-04 14:13:26 - ERROR - [CLIENT ERROR]: Error en el cliente: [WinError 10054] Se ha forzado la interrupción de una conexión existente por el host remoto
2025-06-04 14:13:28 - ERROR - [CLIENT ERROR]: Error en el cliente: [WinError 10061] No se puede establecer una conexión ya que el equipo de destino denegó expresamente dicha conexión
2025-06-04 14:13:30 - INFO - [CLIENT INFO]: Conexión establecida con el servidor.
2025-06-04 14:13:36 - ERROR - [CLIENT ERROR]: Error en el cliente: [WinError 10061] No se puede establecer una conexión ya que el equipo de destino denegó expresamente dicha conexión
2025-06-04 14:13:47 - INFO - [CLIENT INFO]: Conexión establecida con el servidor.
2025-06-04 14:15:19 - ERROR - [CLIENT ERROR]: Error en el cliente: [WinError 10054] Se ha forzado la interrupción de una conexión existente por el host remoto
2025-06-04 14:15:21 - ERROR - [CLIENT ERROR]: Error en el cliente: [WinError 10061] No se puede establecer una conexión ya que el equipo de destino denegó expresamente dicha conexión
2025-06-04 14:15:23 - INFO - [CLIENT INFO]: Conexión establecida con el servidor.
2025-06-04 14:15:23 - INFO - [CLIENT INFO]: Datos recibidos: Bienvenido. Elige una colección:\n1. Empresas\n2. Personajes\n3. Lenguajes\nEscribe un número: 
2025-06-04 14:15:23 - INFO - [CLIENT INFO]: Mensaje enviado: 1
2025-06-04 14:15:25 - INFO - [CLIENT INFO]: Mensaje enviado: 
2025-06-04 14:15:27 - INFO - [CLIENT INFO]: Mensaje enviado: 1
2025-06-04 14:15:40 - INFO - [CLIENT INFO]: Conexión establecida con el servidor.
2025-06-04 14:15:40 - INFO - [CLIENT INFO]: Datos recibidos: Bienvenido. Elige una colección:\n1. Empresas\n2. Personajes\n3. Lenguajes\nEscribe un número: 
2025-06-04 14:15:45 - INFO - [CLIENT INFO]: Mensaje enviado: 1
2025-06-04 14:17:11 - INFO - [CLIENT INFO]: Conexión establecida con el servidor.
2025-06-04 14:17:11 - INFO - [CLIENT INFO]: Datos recibidos: Bienvenido. Elige una colección:
1. Empresas
2. Personajes 
3. Lenguajes 
Escribe un número 
2025-06-04 14:17:15 - INFO - [CLIENT INFO]: Mensaje enviado: 1
2025-06-04 14:28:40 - INFO - [CLIENT INFO]: Conexión establecida con el servidor.
2025-06-04 14:28:40 - INFO - [CLIENT INFO]: Datos recibidos: Elige una coleccion:
1. Empresas 
2. Personajes 
3. Lenguajes 
Escribe un número: 
2025-06-04 14:28:44 - INFO - [CLIENT INFO]: Mensaje enviado: 1
2025-06-04 14:28:52 - INFO - [CLIENT INFO]: Mensaje enviado: 1
2025-06-04 14:36:06 - INFO - [CLIENT INFO]: Conexión establecida con el servidor.
2025-06-04 14:36:06 - INFO - [CLIENT INFO]: Datos recibidos: Elige una coleccion:
1. Empresas 
2. Personajes 
3. Lenguajes 
Escribe un número: 
2025-06-04 14:36:08 - INFO - [CLIENT INFO]: Mensaje enviado: 1
2025-06-04 14:36:13 - INFO - [CLIENT INFO]: Mensaje enviado: 1
2025-06-04 14:36:15 - INFO - [CLIENT INFO]: Mensaje enviado: 111
2025-06-04 14:36:16 - INFO - [CLIENT INFO]: Mensaje enviado: 111
2025-06-04 14:36:18 - INFO - [CLIENT INFO]: Mensaje enviado: 3
2025-06-04 14:36:19 - INFO - [CLIENT INFO]: Mensaje enviado: 2
2025-06-04 14:38:01 - INFO - [CLIENT INFO]: Conexión establecida con el servidor.
2025-06-04 14:38:01 - INFO - [CLIENT INFO]: Datos recibidos: Elige una coleccion:
1. Empresas 
2. Personajes 
3. Lenguajes 
Escribe un número: 
2025-06-04 14:38:07 - INFO - [CLIENT INFO]: Mensaje enviado: 1
2025-06-04 14:44:06 - INFO - [CLIENT INFO]: Conexión establecida con el servidor.
2025-06-04 14:44:06 - INFO - [CLIENT INFO]: Datos recibidos: Elige una coleccion:
1. Empresas 
2. Personajes 
3. Lenguajes 
Escribe un número: 
2025-06-04 14:44:10 - INFO - [CLIENT INFO]: Mensaje enviado: 1
2025-06-04 14:44:10 - INFO - [CLIENT INFO]: Datos recibidos: Coleccion seleccionada: empresas
2025-06-04 14:44:24 - INFO - [CLIENT INFO]: Mensaje enviado: 1
2025-06-04 14:44:24 - INFO - [CLIENT INFO]: Datos recibidos: SELECCIONADO: empresas¿Qué quieres hacer? 1. Insertar 2. Buscar 3. SalirInsertar en la coleccion de empresas
2025-06-04 14:44:30 - INFO - [CLIENT INFO]: Mensaje enviado: 1
2025-06-04 14:44:30 - INFO - [CLIENT INFO]: Datos recibidos: Ingrese el nombre de la empresa: 
2025-06-04 14:44:34 - INFO - [CLIENT INFO]: Mensaje enviado: 1
2025-06-04 14:44:34 - INFO - [CLIENT INFO]: Datos recibidos: Empresa insertada correctamente.Insertar en la coleccion de empresas
2025-06-04 14:49:40 - INFO - [CLIENT INFO]: Conexión establecida con el servidor.
2025-06-04 14:49:40 - INFO - [CLIENT INFO]: Datos recibidos: Elige una coleccion:
1. Empresas 
2. Personajes 
3. Lenguajes 
Escribe un número: 
2025-06-04 14:49:42 - INFO - [CLIENT INFO]: Mensaje enviado: 1
2025-06-04 14:49:42 - INFO - [CLIENT INFO]: Datos recibidos: Coleccion seleccionada: empresas
2025-06-04 14:49:46 - INFO - [CLIENT INFO]: Mensaje enviado: 1
2025-06-04 14:49:47 - INFO - [CLIENT INFO]: Datos recibidos: SELECCIONADO: empresas
2025-06-04 14:49:52 - INFO - [CLIENT INFO]: Mensaje enviado: 1
2025-06-04 14:49:52 - INFO - [CLIENT INFO]: Datos recibidos: ¿Qué quieres hacer? 1. Insertar 2. Buscar 3. Salir
2025-06-04 14:49:55 - INFO - [CLIENT INFO]: Mensaje enviado: 1
2025-06-04 14:49:55 - INFO - [CLIENT INFO]: Datos recibidos: Insertar en la coleccion de empresas
2025-06-04 14:50:56 - INFO - [CLIENT INFO]: Conexión establecida con el servidor.
2025-06-04 14:50:56 - INFO - [CLIENT INFO]: Datos recibidos: Elige una coleccion:
1. Empresas 
2. Personajes 
3. Lenguajes 
Escribe un número: 
2025-06-04 14:50:58 - INFO - [CLIENT INFO]: Mensaje enviado: 1
2025-06-04 14:50:58 - INFO - [CLIENT INFO]: Datos recibidos: Coleccion seleccionada: empresas
2025-06-04 14:51:03 - INFO - [CLIENT INFO]: Mensaje enviado: 
2025-06-04 14:51:03 - INFO - [CLIENT INFO]: Datos recibidos: SELECCIONADO: empresas
2025-06-04 14:51:05 - INFO - [CLIENT INFO]: Mensaje enviado: 1
2025-06-04 14:51:05 - INFO - [CLIENT INFO]: Datos recibidos: ¿Qué quieres hacer? 1. Insertar 2. Buscar 3. Salir
2025-06-04 14:51:10 - INFO - [CLIENT INFO]: Mensaje enviado: 1
2025-06-04 14:51:10 - INFO - [CLIENT INFO]: Datos recibidos: Insertar en la coleccion de empresasIngrese el nombre de la empresa: 
2025-06-04 14:52:06 - INFO - [CLIENT INFO]: Mensaje enviado: Sonny
2025-06-04 14:52:06 - INFO - [CLIENT INFO]: Datos recibidos: Empresa insertada correctamente.
2025-06-04 14:52:16 - INFO - [CLIENT INFO]: Mensaje enviado: Sonny
2025-06-04 14:53:58 - INFO - [CLIENT INFO]: Conexión establecida con el servidor.
2025-06-04 14:53:58 - INFO - [CLIENT INFO]: Datos recibidos: Elige una coleccion:
1. Empresas 
2. Personajes 
3. Lenguajes 
Escribe un número: 
2025-06-04 14:54:00 - INFO - [CLIENT INFO]: Mensaje enviado: 1
2025-06-04 14:54:00 - INFO - [CLIENT INFO]: Datos recibidos: Coleccion seleccionada: empresas
2025-06-04 14:54:02 - INFO - [CLIENT INFO]: Mensaje enviado: 1
2025-06-04 14:54:05 - INFO - [CLIENT INFO]: Datos recibidos: SELECCIONADO: empresas
2025-06-04 14:54:07 - INFO - [CLIENT INFO]: Mensaje enviado: 
2025-06-04 14:54:07 - INFO - [CLIENT INFO]: Datos recibidos: ¿Qué quieres hacer? 1. Insertar 2. Buscar 3. Salir
2025-06-04 14:54:09 - INFO - [CLIENT INFO]: Mensaje enviado: 1
2025-06-04 14:54:40 - INFO - [CLIENT INFO]: Conexión establecida con el servidor.
2025-06-04 14:54:40 - INFO - [CLIENT INFO]: Datos recibidos: Elige una coleccion:
1. Empresas 
2. Personajes 
3. Lenguajes 
Escribe un número: 
2025-06-04 14:54:42 - INFO - [CLIENT INFO]: Mensaje enviado: 1
2025-06-04 14:54:42 - INFO - [CLIENT INFO]: Datos recibidos: Coleccion seleccionada: empresas
2025-06-04 14:54:44 - INFO - [CLIENT INFO]: Mensaje enviado: 1
2025-06-04 14:54:47 - INFO - [CLIENT INFO]: Datos recibidos: SELECCIONADO: empresas
2025-06-04 14:54:50 - INFO - [CLIENT INFO]: Mensaje enviado: 1
2025-06-04 14:54:50 - INFO - [CLIENT INFO]: Datos recibidos: ¿Qué quieres hacer? 1. Insertar 2. Buscar 3. Salir
2025-06-04 14:54:51 - INFO - [CLIENT INFO]: Mensaje enviado: 1
2025-06-04 14:56:42 - INFO - [CLIENT INFO]: Conexión establecida con el servidor.
2025-06-04 14:56:42 - INFO - [CLIENT INFO]: Datos recibidos: Elige una coleccion:
1. Empresas 
2. Personajes 
3. Lenguajes 
Escribe un número: 
2025-06-04 14:56:44 - INFO - [CLIENT INFO]: Mensaje enviado: 1
2025-06-04 14:56:49 - INFO - [CLIENT INFO]: Datos recibidos: Coleccion seleccionada: empresas
2025-06-04 14:56:52 - INFO - [CLIENT INFO]: Mensaje enviado: 
2025-06-04 14:56:52 - INFO - [CLIENT INFO]: Datos recibidos: SELECCIONADO: empresas¿Qué quieres hacer? 1. Insertar 2. Buscar 3. Salir
2025-06-04 14:56:56 - INFO - [CLIENT INFO]: Mensaje enviado: 1
2025-06-04 14:56:56 - INFO - [CLIENT INFO]: Datos recibidos: Insertar en la coleccion de empresas
2025-06-04 14:57:05 - INFO - [CLIENT INFO]: Mensaje enviado: Sonny
2025-06-04 14:57:05 - INFO - [CLIENT INFO]: Datos recibidos: 
Ingrese el nombre de la empresa: 
2025-06-04 14:57:08 - INFO - [CLIENT INFO]: Mensaje enviado: Sonny
2025-06-04 14:57:08 - INFO - [CLIENT INFO]: Datos recibidos: Empresa insertada correctamente.
2025-06-04 15:03:28 - INFO - [CLIENT INFO]: Conexión establecida con el servidor.
2025-06-04 15:03:28 - INFO - [CLIENT INFO]: Datos recibidos: Elige una coleccion:
1. Empresas 
2. Personajes 
3. Lenguajes 
Escribe un número: 
2025-06-04 15:03:30 - INFO - [CLIENT INFO]: Mensaje enviado: 1
2025-06-04 15:03:35 - INFO - [CLIENT INFO]: Datos recibidos: Coleccion seleccionada: empresas
2025-06-04 15:03:39 - INFO - [CLIENT INFO]: Mensaje enviado: 
2025-06-04 15:03:40 - INFO - [CLIENT INFO]: Datos recibidos: ENTER
2025-06-04 15:03:41 - INFO - [CLIENT INFO]: Mensaje enviado: 
2025-06-04 15:03:41 - INFO - [CLIENT INFO]: Datos recibidos: SELECCIONADO: empresas¿Qué quieres hacer? 1. Insertar 2. Buscar 3. Salir
2025-06-04 15:03:47 - INFO - [CLIENT INFO]: Mensaje enviado: 1
2025-06-04 15:03:47 - INFO - [CLIENT INFO]: Datos recibidos: Insertar en la coleccion de empresas
2025-06-04 15:03:50 - INFO - [CLIENT INFO]: Mensaje enviado: 
2025-06-04 15:03:50 - INFO - [CLIENT INFO]: Datos recibidos: 
Ingrese el nombre de la empresa: 
2025-06-04 15:05:14 - INFO - [CLIENT INFO]: Conexión establecida con el servidor.
2025-06-04 15:05:14 - INFO - [CLIENT INFO]: Datos recibidos: Elige una coleccion:
1. Empresas 
2. Personajes 
3. Lenguajes 
Escribe un número: 
2025-06-04 15:05:15 - INFO - [CLIENT INFO]: Mensaje enviado: 1
2025-06-04 15:05:20 - INFO - [CLIENT INFO]: Datos recibidos: Coleccion seleccionada: empresas
2025-06-04 15:05:20 - INFO - [CLIENT INFO]: Mensaje enviado: 
2025-06-04 15:05:25 - INFO - [CLIENT INFO]: Datos recibidos: ENTER
2025-06-04 15:05:28 - INFO - [CLIENT INFO]: Mensaje enviado: 
2025-06-04 15:05:28 - INFO - [CLIENT INFO]: Datos recibidos: SELECCIONADO: empresasENTER¿Qué quieres hacer? 1. Insertar 2. Buscar 3. Salir
2025-06-04 15:05:53 - INFO - [CLIENT INFO]: Conexión establecida con el servidor.
2025-06-04 15:05:53 - INFO - [CLIENT INFO]: Datos recibidos: Elige una coleccion:
1. Empresas 
2. Personajes 
3. Lenguajes 
Escribe un número: 
2025-06-04 15:05:56 - INFO - [CLIENT INFO]: Mensaje enviado: 1
2025-06-04 15:06:01 - INFO - [CLIENT INFO]: Datos recibidos: Coleccion seleccionada: empresas
2025-06-04 15:06:04 - INFO - [CLIENT INFO]: Mensaje enviado: 
2025-06-04 15:06:06 - INFO - [CLIENT INFO]: Datos recibidos: SELECCIONADO: empresas
2025-06-04 15:06:09 - INFO - [CLIENT INFO]: Mensaje enviado: 
2025-06-04 15:06:09 - INFO - [CLIENT INFO]: Datos recibidos: ENTER
¿Qué quieres hacer? 1. Insertar 2. Buscar 3. Salir
2025-06-04 15:06:13 - INFO - [CLIENT INFO]: Mensaje enviado: 1
2025-06-04 15:06:13 - INFO - [CLIENT INFO]: Datos recibidos: Insertar en la coleccion de empresas
2025-06-04 15:06:16 - INFO - [CLIENT INFO]: Mensaje enviado: 
2025-06-04 15:06:16 - INFO - [CLIENT INFO]: Datos recibidos: 
Ingrese el nombre de la empresa: 
2025-06-04 15:07:08 - INFO - [CLIENT INFO]: Conexión establecida con el servidor.
2025-06-04 15:07:08 - INFO - [CLIENT INFO]: Datos recibidos: Elige una coleccion:
1. Empresas 
2. Personajes 
3. Lenguajes 
Escribe un número: 
2025-06-04 15:07:10 - INFO - [CLIENT INFO]: Mensaje enviado: 1
2025-06-04 15:07:15 - INFO - [CLIENT INFO]: Datos recibidos: ENTER
2025-06-04 15:07:16 - INFO - [CLIENT INFO]: Mensaje enviado: 
2025-06-04 15:07:16 - INFO - [CLIENT INFO]: Datos recibidos: Coleccion seleccionada: empresas
2025-06-04 15:07:33 - INFO - [CLIENT INFO]: Mensaje enviado: 
2025-06-04 15:07:33 - INFO - [CLIENT INFO]: Datos recibidos: SELECCIONADO: empresasENTER
¿Qué quieres hacer? 1. Insertar 2. Buscar 3. SalirENTER
2025-06-04 15:07:41 - INFO - [CLIENT INFO]: Mensaje enviado: 1
2025-06-04 15:07:41 - INFO - [CLIENT INFO]: Datos recibidos: Insertar en la coleccion de empresas
2025-06-04 15:07:43 - INFO - [CLIENT INFO]: Mensaje enviado: 
2025-06-04 15:07:43 - INFO - [CLIENT INFO]: Datos recibidos: 
Ingrese el nombre de la empresa: 
2025-06-04 15:08:18 - INFO - [CLIENT INFO]: Conexión establecida con el servidor.
2025-06-04 15:08:18 - INFO - [CLIENT INFO]: Datos recibidos: Elige una coleccion:
1. Empresas 
2. Personajes 
3. Lenguajes 
Escribe un número: 
2025-06-04 15:08:20 - INFO - [CLIENT INFO]: Mensaje enviado: 1
2025-06-04 15:08:25 - INFO - [CLIENT INFO]: Datos recibidos: ENTER
2025-06-04 15:08:26 - INFO - [CLIENT INFO]: Mensaje enviado: 
2025-06-04 15:08:26 - INFO - [CLIENT INFO]: Datos recibidos: Coleccion seleccionada: empresas
2025-06-04 15:08:29 - INFO - [CLIENT INFO]: Mensaje enviado: 
2025-06-04 15:08:35 - INFO - [CLIENT INFO]: Datos recibidos: SELECCIONADO: empresas
2025-06-04 15:08:37 - INFO - [CLIENT INFO]: Mensaje enviado: 
2025-06-04 15:08:37 - INFO - [CLIENT INFO]: Datos recibidos: 
¿Qué quieres hacer? 1. Insertar 2. Buscar 3. Salir
2025-06-04 15:08:40 - INFO - [CLIENT INFO]: Mensaje enviado: 1
2025-06-04 15:08:41 - INFO - [CLIENT INFO]: Datos recibidos: ENTER
2025-06-04 15:08:42 - INFO - [CLIENT INFO]: Mensaje enviado: 
2025-06-04 15:08:45 - INFO - [CLIENT INFO]: Datos recibidos: Insertar en la coleccion de empresas
2025-06-04 15:08:50 - INFO - [CLIENT INFO]: Mensaje enviado: 
2025-06-04 15:08:50 - INFO - [CLIENT INFO]: Datos recibidos: 
Ingrese el nombre de la empresa: 
2025-06-04 15:09:36 - INFO - [CLIENT INFO]: Conexión establecida con el servidor.
2025-06-04 15:09:36 - INFO - [CLIENT INFO]: Datos recibidos: Elige una coleccion:
1. Empresas 
2. Personajes 
3. Lenguajes 
Escribe un número: 
2025-06-04 15:09:38 - INFO - [CLIENT INFO]: Mensaje enviado: 1
2025-06-04 15:09:43 - INFO - [CLIENT INFO]: Datos recibidos: ENTER
2025-06-04 15:09:47 - INFO - [CLIENT INFO]: Mensaje enviado: 
2025-06-04 15:09:47 - INFO - [CLIENT INFO]: Datos recibidos: Coleccion seleccionada: empresas
2025-06-04 15:09:49 - INFO - [CLIENT INFO]: Mensaje enviado: 
2025-06-04 15:09:53 - INFO - [CLIENT INFO]: Datos recibidos: SELECCIONADO: empresas
2025-06-04 15:09:55 - INFO - [CLIENT INFO]: Mensaje enviado: 
2025-06-04 15:09:55 - INFO - [CLIENT INFO]: Datos recibidos: 
¿Qué quieres hacer? 1. Insertar 2. Buscar 3. Salir
2025-06-04 15:09:58 - INFO - [CLIENT INFO]: Mensaje enviado: 1
2025-06-04 15:09:58 - INFO - [CLIENT INFO]: Datos recibidos: ENTER
2025-06-04 15:09:58 - INFO - [CLIENT INFO]: Mensaje enviado: 
2025-06-04 15:10:03 - INFO - [CLIENT INFO]: Datos recibidos: ENTER
2025-06-04 15:10:04 - INFO - [CLIENT INFO]: Mensaje enviado: 
2025-06-04 15:10:04 - INFO - [CLIENT INFO]: Datos recibidos: 
Ingrese el nombre de la empresa: 
2025-06-04 15:11:10 - INFO - [CLIENT INFO]: Conexión establecida con el servidor.
2025-06-04 15:11:10 - INFO - [CLIENT INFO]: Datos recibidos: Elige una coleccion:
1. Empresas 
2. Personajes 
3. Lenguajes 
Escribe un número: 
2025-06-04 15:11:12 - INFO - [CLIENT INFO]: Mensaje enviado: 1
2025-06-04 15:11:17 - INFO - [CLIENT INFO]: Datos recibidos: ENTER
2025-06-04 15:11:19 - INFO - [CLIENT INFO]: Mensaje enviado: 
2025-06-04 15:11:19 - INFO - [CLIENT INFO]: Datos recibidos: Coleccion seleccionada: empresas
2025-06-04 15:11:21 - INFO - [CLIENT INFO]: Mensaje enviado: 
2025-06-04 15:11:27 - INFO - [CLIENT INFO]: Datos recibidos: SELECCIONADO: empresas
2025-06-04 15:11:32 - INFO - [CLIENT INFO]: Mensaje enviado: 
2025-06-04 15:11:32 - INFO - [CLIENT INFO]: Datos recibidos: 
¿Qué quieres hacer? 1. Insertar 2. Buscar 3. Salir
2025-06-04 15:11:35 - INFO - [CLIENT INFO]: Mensaje enviado: 1
2025-06-04 15:11:35 - INFO - [CLIENT INFO]: Datos recibidos: 
Ingrese el NOMBRE de la empresa: 
2025-06-04 15:12:04 - INFO - [CLIENT INFO]: Mensaje enviado: Ubisoft
2025-06-04 15:12:04 - INFO - [CLIENT INFO]: Datos recibidos: Empresa insertada correctamente.
2025-06-04 15:16:57 - INFO - [CLIENT INFO]: Conexión establecida con el servidor.
2025-06-04 15:17:03 - ERROR - [CLIENT ERROR]: Error en el cliente: [WinError 10054] Se ha forzado la interrupción de una conexión existente por el host remoto
2025-06-04 15:17:05 - ERROR - [CLIENT ERROR]: Error en el cliente: [WinError 10061] No se puede establecer una conexión ya que el equipo de destino denegó expresamente dicha conexión
2025-06-04 15:17:12 - ERROR - [CLIENT ERROR]: Error en el cliente: [WinError 10061] No se puede establecer una conexión ya que el equipo de destino denegó expresamente dicha conexión
2025-06-04 15:17:14 - INFO - [CLIENT INFO]: Conexión establecida con el servidor.
2025-06-04 15:17:14 - INFO - [CLIENT INFO]: Datos recibidos: Elige una coleccion:
1. Empresas 
2. Personajes 
3. Lenguajes 
Escribe un número: 
2025-06-04 15:17:16 - INFO - [CLIENT INFO]: Mensaje enviado: 1
2025-06-04 15:17:21 - INFO - [CLIENT INFO]: Datos recibidos: ENTER
2025-06-04 15:17:22 - INFO - [CLIENT INFO]: Mensaje enviado: 
2025-06-04 15:17:22 - INFO - [CLIENT INFO]: Datos recibidos: Coleccion seleccionada: empresas
2025-06-04 15:17:56 - INFO - [CLIENT INFO]: Conexión establecida con el servidor.
2025-06-04 15:17:56 - INFO - [CLIENT INFO]: Datos recibidos: Elige una coleccion:
1. Empresas 
2. Personajes 
3. Lenguajes 
Escribe un número: 
2025-06-04 15:17:58 - INFO - [CLIENT INFO]: Mensaje enviado: 1
2025-06-04 15:18:03 - INFO - [CLIENT INFO]: Datos recibidos: Coleccion seleccionada: empresas
2025-06-04 15:19:48 - INFO - [CLIENT INFO]: Conexión establecida con el servidor.
2025-06-04 15:19:48 - INFO - [CLIENT INFO]: Datos recibidos: Elige una coleccion:
1. Empresas 
2. Personajes 
3. Lenguajes 
Escribe un número: 
2025-06-04 15:19:51 - INFO - [CLIENT INFO]: Mensaje enviado: 1
2025-06-04 15:19:56 - INFO - [CLIENT INFO]: Datos recibidos: Coleccion seleccionada: empresas
2025-06-04 15:20:22 - INFO - [CLIENT INFO]: Conexión establecida con el servidor.
2025-06-04 15:20:22 - INFO - [CLIENT INFO]: Datos recibidos: Elige una coleccion:
1. Empresas 
2. Personajes 
3. Lenguajes 
Escribe un número: 
2025-06-04 15:20:26 - INFO - [CLIENT INFO]: Mensaje enviado: 1
2025-06-04 15:20:31 - INFO - [CLIENT INFO]: Datos recibidos: Coleccion seleccionada: empresas
2025-06-04 15:20:38 - INFO - [CLIENT INFO]: Mensaje enviado: 
2025-06-04 15:20:38 - INFO - [CLIENT INFO]: Datos recibidos: ENTER
2025-06-04 15:20:44 - INFO - [CLIENT INFO]: Mensaje enviado: 
2025-06-04 15:20:44 - INFO - [CLIENT INFO]: Datos recibidos: 
¿Qué quieres hacer? 1. Insertar 2. Buscar 3. Salir
2025-06-04 15:20:47 - INFO - [CLIENT INFO]: Mensaje enviado: 1
2025-06-04 15:20:47 - INFO - [CLIENT INFO]: Datos recibidos: 
Ingrese el NOMBRE de la empresa: 
2025-06-04 15:20:52 - INFO - [CLIENT INFO]: Mensaje enviado: Epic Game
2025-06-04 15:20:52 - INFO - [CLIENT INFO]: Datos recibidos: Empresa insertada correctamente.
2025-06-04 15:21:01 - INFO - [CLIENT INFO]: Mensaje enviado: 
2025-06-04 15:22:44 - INFO - [CLIENT INFO]: Conexión establecida con el servidor.
2025-06-04 15:22:44 - INFO - [CLIENT INFO]: Datos recibidos: Elige una coleccion:
1. Empresas 
2. Personajes 
3. Lenguajes 
Escribe un número: 
2025-06-04 15:22:47 - INFO - [CLIENT INFO]: Mensaje enviado: 1
2025-06-04 15:22:52 - INFO - [CLIENT INFO]: Datos recibidos: Coleccion seleccionada: empresas
2025-06-04 15:22:54 - INFO - [CLIENT INFO]: Mensaje enviado: 
2025-06-04 15:22:54 - INFO - [CLIENT INFO]: Datos recibidos: ENTER
2025-06-04 15:22:55 - INFO - [CLIENT INFO]: Mensaje enviado: 
2025-06-04 15:23:02 - INFO - [CLIENT INFO]: Datos recibidos: 
¿Qué quieres hacer? 1. Insertar 2. Buscar 3. Salir
2025-06-04 15:23:27 - INFO - [CLIENT INFO]: Conexión establecida con el servidor.
2025-06-04 15:23:27 - INFO - [CLIENT INFO]: Datos recibidos: Elige una coleccion:
1. Empresas 
2. Personajes 
3. Lenguajes 
Escribe un número: 
2025-06-04 15:23:29 - INFO - [CLIENT INFO]: Mensaje enviado: 1
2025-06-04 15:23:34 - INFO - [CLIENT INFO]: Datos recibidos: Coleccion seleccionada: empresas
 ENTER
2025-06-04 15:23:37 - INFO - [CLIENT INFO]: Mensaje enviado: 
2025-06-04 15:23:44 - INFO - [CLIENT INFO]: Datos recibidos: 
¿Qué quieres hacer? 1. Insertar 2. Buscar 3. Salir
2025-06-04 15:23:47 - INFO - [CLIENT INFO]: Mensaje enviado: 1
2025-06-04 15:23:49 - INFO - [CLIENT INFO]: Datos recibidos: 
Ingrese el NOMBRE de la empresa: 
2025-06-04 15:24:12 - INFO - [CLIENT INFO]: Mensaje enviado: Rockstar Games
2025-06-04 15:24:12 - INFO - [CLIENT INFO]: Datos recibidos: Empresa insertada correctamente.
2025-06-04 15:24:24 - INFO - [CLIENT INFO]: Mensaje enviado: 
2025-06-04 15:25:12 - ERROR - [CLIENT ERROR]: Error en el cliente: [WinError 10061] No se puede establecer una conexión ya que el equipo de destino denegó expresamente dicha conexión
2025-06-04 15:25:14 - ERROR - [CLIENT ERROR]: Error en el cliente: [WinError 10061] No se puede establecer una conexión ya que el equipo de destino denegó expresamente dicha conexión
2025-06-04 15:25:16 - INFO - [CLIENT INFO]: Conexión establecida con el servidor.
2025-06-04 15:25:16 - INFO - [CLIENT INFO]: Datos recibidos: Elige una coleccion:
1. Empresas 
2. Personajes 
3. Lenguajes 
Escribe un número: 
2025-06-04 15:25:19 - INFO - [CLIENT INFO]: Mensaje enviado: 1
2025-06-04 15:25:24 - INFO - [CLIENT INFO]: Datos recibidos: Coleccion seleccionada: empresas
 ENTER
2025-06-04 15:25:25 - INFO - [CLIENT INFO]: Mensaje enviado: 
2025-06-04 15:25:34 - INFO - [CLIENT INFO]: Datos recibidos: 
¿Qué quieres hacer? 1. Insertar 2. Buscar 3. Salir
2025-06-04 15:25:37 - INFO - [CLIENT INFO]: Mensaje enviado: 1
2025-06-04 15:25:39 - INFO - [CLIENT INFO]: Datos recibidos: 
Ingrese el NOMBRE de la empresa: 
2025-06-04 15:25:58 - INFO - [CLIENT INFO]: Mensaje enviado: Konami
2025-06-04 15:25:58 - INFO - [CLIENT INFO]: Datos recibidos: Empresa insertada correctamente.
2025-06-04 15:26:03 - INFO - [CLIENT INFO]: Mensaje enviado: 
2025-06-04 15:26:03 - INFO - [CLIENT INFO]: Datos recibidos: 
2025-06-04 15:26:04 - INFO - [CLIENT INFO]: Mensaje enviado: 
2025-06-04 15:26:04 - INFO - [CLIENT INFO]: Datos recibidos: 
2025-06-04 15:26:05 - INFO - [CLIENT INFO]: Mensaje enviado: 
2025-06-04 15:26:05 - INFO - [CLIENT INFO]: Datos recibidos: 
2025-06-04 15:26:05 - INFO - [CLIENT INFO]: Mensaje enviado: 
2025-06-04 15:26:05 - INFO - [CLIENT INFO]: Datos recibidos: 
2025-06-04 15:26:05 - INFO - [CLIENT INFO]: Mensaje enviado: 
2025-06-04 15:26:05 - INFO - [CLIENT INFO]: Datos recibidos: 
2025-06-04 15:26:05 - INFO - [CLIENT INFO]: Mensaje enviado: 
2025-06-04 15:26:05 - INFO - [CLIENT INFO]: Datos recibidos: 
2025-06-04 15:26:05 - INFO - [CLIENT INFO]: Mensaje enviado: 
2025-06-04 15:26:05 - INFO - [CLIENT INFO]: Datos recibidos: 
2025-06-04 15:26:06 - INFO - [CLIENT INFO]: Mensaje enviado: 2
2025-06-04 15:26:06 - ERROR - [CLIENT ERROR]: Error en el cliente: [WinError 10053] Se ha anulado una conexión establecida por el software en su equipo host
2025-06-04 15:26:06 - INFO - [CLIENT INFO]: Conexión establecida con el servidor.
2025-06-04 15:26:06 - INFO - [CLIENT INFO]: Datos recibidos: Elige una coleccion:
1. Empresas 
2. Personajes 
3. Lenguajes 
Escribe un número: 
2025-06-04 15:26:09 - INFO - [CLIENT INFO]: Mensaje enviado: 1
2025-06-04 15:26:14 - INFO - [CLIENT INFO]: Datos recibidos: Coleccion seleccionada: empresas
 ENTER
2025-06-04 15:26:46 - INFO - [CLIENT INFO]: Conexión establecida con el servidor.
2025-06-04 15:26:46 - INFO - [CLIENT INFO]: Datos recibidos: Elige una coleccion:
1. Empresas 
2. Personajes 
3. Lenguajes 
Escribe un número: 
2025-06-04 15:27:01 - INFO - [CLIENT INFO]: Mensaje enviado: 1
2025-06-04 15:27:06 - INFO - [CLIENT INFO]: Datos recibidos: Coleccion seleccionada: empresas
 ENTER
2025-06-04 15:27:08 - INFO - [CLIENT INFO]: Mensaje enviado: 
2025-06-04 15:27:16 - INFO - [CLIENT INFO]: Datos recibidos: 
¿Qué quieres hacer? 1. Insertar 2. Buscar 3. Salir
2025-06-04 15:27:32 - INFO - [CLIENT INFO]: Mensaje enviado: 1
2025-06-04 15:27:32 - INFO - [CLIENT INFO]: Datos recibidos: 
Ingrese el NOMBRE de la empresa: 
2025-06-04 15:27:51 - INFO - [CLIENT INFO]: Mensaje enviado: Atari
2025-06-04 15:27:51 - INFO - [CLIENT INFO]: Datos recibidos: Empresa insertada correctamente.
2025-06-04 15:27:54 - INFO - [CLIENT INFO]: Mensaje enviado: 
2025-06-04 15:27:54 - INFO - [CLIENT INFO]: Datos recibidos: 
2025-06-04 15:27:56 - INFO - [CLIENT INFO]: Mensaje enviado: 
2025-06-04 15:27:56 - INFO - [CLIENT INFO]: Datos recibidos: 
2025-06-04 15:27:57 - INFO - [CLIENT INFO]: Mensaje enviado: 
2025-06-04 15:27:57 - INFO - [CLIENT INFO]: Datos recibidos: 
2025-06-04 15:27:57 - INFO - [CLIENT INFO]: Mensaje enviado: 
2025-06-04 15:27:57 - INFO - [CLIENT INFO]: Datos recibidos: 
2025-06-04 15:27:58 - INFO - [CLIENT INFO]: Mensaje enviado: 
2025-06-04 15:27:58 - INFO - [CLIENT INFO]: Datos recibidos: 
2025-06-04 15:27:59 - INFO - [CLIENT INFO]: Mensaje enviado: 
2025-06-04 15:27:59 - INFO - [CLIENT INFO]: Datos recibidos: 
2025-06-04 15:27:59 - INFO - [CLIENT INFO]: Mensaje enviado: 
2025-06-04 15:27:59 - INFO - [CLIENT INFO]: Datos recibidos: 
2025-06-04 15:28:00 - INFO - [CLIENT INFO]: Mensaje enviado: 
2025-06-04 15:28:00 - INFO - [CLIENT INFO]: Datos recibidos: 
2025-06-04 15:28:00 - INFO - [CLIENT INFO]: Mensaje enviado: 
2025-06-04 15:28:00 - INFO - [CLIENT INFO]: Datos recibidos: 
2025-06-04 15:28:00 - INFO - [CLIENT INFO]: Mensaje enviado: 
2025-06-04 15:28:00 - INFO - [CLIENT INFO]: Datos recibidos: 
2025-06-04 15:28:01 - INFO - [CLIENT INFO]: Mensaje enviado: 
2025-06-04 15:28:01 - INFO - [CLIENT INFO]: Datos recibidos: 
2025-06-04 15:28:01 - INFO - [CLIENT INFO]: Mensaje enviado: 
2025-06-04 15:28:01 - INFO - [CLIENT INFO]: Datos recibidos: 
2025-06-04 15:28:01 - INFO - [CLIENT INFO]: Mensaje enviado: 
2025-06-04 15:28:01 - INFO - [CLIENT INFO]: Datos recibidos: 
2025-06-04 15:28:02 - INFO - [CLIENT INFO]: Mensaje enviado: 
2025-06-04 15:28:02 - INFO - [CLIENT INFO]: Datos recibidos: 
2025-06-04 15:28:13 - INFO - [CLIENT INFO]: Mensaje enviado: 
2025-06-04 15:28:13 - INFO - [CLIENT INFO]: Datos recibidos: 
2025-06-04 15:28:15 - INFO - [CLIENT INFO]: Mensaje enviado: 2
2025-06-04 15:28:15 - ERROR - [CLIENT ERROR]: Error en el cliente: [WinError 10053] Se ha anulado una conexión establecida por el software en su equipo host
2025-06-04 15:28:15 - INFO - [CLIENT INFO]: Conexión establecida con el servidor.
2025-06-04 15:28:15 - INFO - [CLIENT INFO]: Datos recibidos: Elige una coleccion:
1. Empresas 
2. Personajes 
3. Lenguajes 
Escribe un número: 
2025-06-04 15:29:20 - INFO - [CLIENT INFO]: Conexión establecida con el servidor.
2025-06-04 15:29:20 - INFO - [CLIENT INFO]: Datos recibidos: Elige una coleccion:
1. Empresas 
2. Personajes 
3. Lenguajes 
Escribe un número: 
2025-06-04 15:29:22 - INFO - [CLIENT INFO]: Mensaje enviado: 1
2025-06-04 15:29:27 - INFO - [CLIENT INFO]: Datos recibidos: Coleccion seleccionada: empresas
 ENTER
2025-06-04 15:29:29 - INFO - [CLIENT INFO]: Mensaje enviado: 
2025-06-04 15:29:37 - INFO - [CLIENT INFO]: Datos recibidos: 
¿Qué quieres hacer? 1. Insertar 2. Buscar 3. Salir
2025-06-04 15:29:47 - INFO - [CLIENT INFO]: Mensaje enviado: 1
2025-06-04 15:29:47 - INFO - [CLIENT INFO]: Datos recibidos: 
Ingrese el NOMBRE de la empresa: 
2025-06-04 15:29:49 - INFO - [CLIENT INFO]: Mensaje enviado: Nintendo
2025-06-04 15:29:49 - INFO - [CLIENT INFO]: Datos recibidos: Empresa insertada correctamente.
2025-06-04 15:29:52 - INFO - [CLIENT INFO]: Mensaje enviado: 
2025-06-04 15:29:52 - INFO - [CLIENT INFO]: Datos recibidos: 
2025-06-04 15:29:52 - INFO - [CLIENT INFO]: Mensaje enviado: 
2025-06-04 15:29:52 - INFO - [CLIENT INFO]: Datos recibidos: 
2025-06-04 15:29:53 - INFO - [CLIENT INFO]: Mensaje enviado: 
2025-06-04 15:29:53 - INFO - [CLIENT INFO]: Datos recibidos: 
2025-06-04 15:29:53 - INFO - [CLIENT INFO]: Mensaje enviado: 
2025-06-04 15:29:53 - INFO - [CLIENT INFO]: Datos recibidos: 
2025-06-04 15:29:54 - INFO - [CLIENT INFO]: Mensaje enviado: 2
2025-06-04 15:29:54 - ERROR - [CLIENT ERROR]: Error en el cliente: [WinError 10053] Se ha anulado una conexión establecida por el software en su equipo host
2025-06-04 15:29:54 - INFO - [CLIENT INFO]: Conexión establecida con el servidor.
2025-06-04 15:29:54 - INFO - [CLIENT INFO]: Datos recibidos: Elige una coleccion:
1. Empresas 
2. Personajes 
3. Lenguajes 
Escribe un número: 
2025-06-04 15:29:55 - INFO - [CLIENT INFO]: Mensaje enviado: 1
2025-06-04 15:30:00 - INFO - [CLIENT INFO]: Datos recibidos: Coleccion seleccionada: empresas
 ENTER
2025-06-04 15:30:01 - INFO - [CLIENT INFO]: Mensaje enviado: 
2025-06-04 15:30:10 - INFO - [CLIENT INFO]: Datos recibidos: 
¿Qué quieres hacer? 1. Insertar 2. Buscar 3. Salir
2025-06-04 15:30:12 - INFO - [CLIENT INFO]: Mensaje enviado: 2
2025-06-04 15:30:15 - INFO - [CLIENT INFO]: Datos recibidos: 
Ingrese el NOMBRE de la empresa a buscar: 
2025-06-04 15:30:20 - INFO - [CLIENT INFO]: Mensaje enviado: Sega
2025-06-04 15:30:20 - INFO - [CLIENT INFO]: Datos recibidos: Empresa encontrada: {'_id': ObjectId('684022b1baeec61dc0b17d8c'), 'id': 4, 'nombre': 'Sega'} número de la empresa: 4
2025-06-04 15:30:48 - INFO - [CLIENT INFO]: Conexión establecida con el servidor.
2025-06-04 15:30:49 - ERROR - [CLIENT ERROR]: Error en el cliente: [WinError 10054] Se ha forzado la interrupción de una conexión existente por el host remoto
2025-06-04 15:30:51 - ERROR - [CLIENT ERROR]: Error en el cliente: [WinError 10061] No se puede establecer una conexión ya que el equipo de destino denegó expresamente dicha conexión
2025-06-04 15:30:52 - INFO - [CLIENT INFO]: Conexión establecida con el servidor.
2025-06-04 15:30:52 - INFO - [CLIENT INFO]: Datos recibidos: Elige una coleccion:
1. Empresas 
2. Personajes 
3. Lenguajes 
Escribe un número: 
2025-06-04 15:30:53 - INFO - [CLIENT INFO]: Mensaje enviado: 1
2025-06-04 15:30:58 - INFO - [CLIENT INFO]: Datos recibidos: Coleccion seleccionada: empresas
 ENTER
2025-06-04 15:30:59 - INFO - [CLIENT INFO]: Mensaje enviado: 
2025-06-04 15:31:08 - INFO - [CLIENT INFO]: Datos recibidos: 
¿Qué quieres hacer? 1. Insertar 2. Buscar 3. Salir
2025-06-04 15:31:10 - INFO - [CLIENT INFO]: Mensaje enviado: 2
2025-06-04 15:31:13 - INFO - [CLIENT INFO]: Datos recibidos: 
Ingrese el NOMBRE de la empresa a buscar: 
2025-06-04 15:31:16 - INFO - [CLIENT INFO]: Mensaje enviado: Sega
2025-06-04 15:31:16 - INFO - [CLIENT INFO]: Datos recibidos: Empresa encontrada: Sega número de la empresa: 4
2025-06-04 15:46:11 - INFO - [CLIENT INFO]: Conexión establecida con el servidor.
2025-06-04 15:46:11 - INFO - [CLIENT INFO]: Datos recibidos: Elige una coleccion:
1. Empresas 
2. Personajes 
3. Lenguajes 
Escribe un número: 
2025-06-04 15:46:13 - INFO - [CLIENT INFO]: Mensaje enviado: 1
2025-06-04 15:46:18 - INFO - [CLIENT INFO]: Datos recibidos: Coleccion seleccionada: empresas
 ENTER
2025-06-04 15:46:20 - INFO - [CLIENT INFO]: Mensaje enviado: 
2025-06-04 15:46:28 - INFO - [CLIENT INFO]: Datos recibidos: 
¿Qué quieres hacer? 1. Insertar 2. Buscar 3. Salir
2025-06-04 15:46:33 - INFO - [CLIENT INFO]: Mensaje enviado: 2
2025-06-04 15:46:33 - INFO - [CLIENT INFO]: Datos recibidos: 
Ingrese el NOMBRE de la empresa a buscar: 
2025-06-04 15:46:36 - INFO - [CLIENT INFO]: Mensaje enviado: Atari
2025-06-04 15:46:36 - INFO - [CLIENT INFO]: Datos recibidos: Empresa encontrada: Atari número de la empresa: 11
2025-06-04 15:46:38 - INFO - [CLIENT INFO]: Mensaje enviado: 
2025-06-04 15:46:41 - INFO - [CLIENT INFO]: Datos recibidos: 
¿Qué quieres hacer? 1. Insertar 2. Buscar 3. Salir
2025-06-04 15:47:38 - INFO - [CLIENT INFO]: Conexión establecida con el servidor.
2025-06-04 15:47:38 - INFO - [CLIENT INFO]: Datos recibidos: Elige una coleccion:
1. Empresas 
2. Personajes 
3. Lenguajes 
Escribe un número: 
2025-06-04 15:47:39 - INFO - [CLIENT INFO]: Mensaje enviado: 1
2025-06-04 15:47:44 - INFO - [CLIENT INFO]: Datos recibidos: Coleccion seleccionada: empresas
 ENTER
2025-06-04 15:48:19 - INFO - [CLIENT INFO]: Mensaje enviado: 
2025-06-04 15:48:19 - INFO - [CLIENT INFO]: Datos recibidos: 
¿Qué quieres hacer? 1. Insertar 2. Buscar 3. Salir
2025-06-04 15:48:21 - INFO - [CLIENT INFO]: Mensaje enviado: 2
2025-06-04 15:48:21 - INFO - [CLIENT INFO]: Datos recibidos: 
Ingrese el NOMBRE de la empresa a buscar: 
2025-06-04 15:48:26 - INFO - [CLIENT INFO]: Mensaje enviado: Nintendo
2025-06-04 15:48:26 - INFO - [CLIENT INFO]: Datos recibidos: Empresa encontrada: Nintendo número de la empresa: 12
PARA CONTINUAR 'ENTER' 
2025-06-04 15:48:28 - INFO - [CLIENT INFO]: Mensaje enviado: 
2025-06-04 15:48:31 - INFO - [CLIENT INFO]: Datos recibidos: 
¿Qué quieres hacer? 1. Insertar 2. Buscar 3. Salir
2025-06-04 15:48:33 - INFO - [CLIENT INFO]: Mensaje enviado: 3
2025-06-04 15:48:33 - INFO - [CLIENT INFO]: Datos recibidos: Saliendo...
